[debug] [2025-06-20T07:43:17.446Z] [Firebase Plugin] Activating Firebase extension.
[info] [Firebase Plugin] Checked firebase-tools, is up to date!
[debug] [2025-06-20T07:43:19.598Z] [Firebase Plugin] requireAuthWrapper
[debug] [2025-06-20T07:43:19.600Z] > command requires scopes: ["email","openid","https://www.googleapis.com/auth/cloudplatformprojects.readonly","https://www.googleapis.com/auth/firebase","https://www.googleapis.com/auth/cloud-platform"]
[debug] [2025-06-20T07:43:19.600Z] > authorizing via signed-in user (frisowempe@gmail.com)
[debug] [2025-06-20T07:43:19.610Z] Checked if tokens are valid: true, expires at: 1750407808944
[debug] [2025-06-20T07:43:19.610Z] Checked if tokens are valid: true, expires at: 1750407808944
[debug] [2025-06-20T07:43:19.610Z] [Firebase Plugin] User found:  frisowempe@gmail.com
[info] [Firebase Plugin] (Core:Project) New user detected, fetching projects
[debug] [2025-06-20T07:43:19.611Z] Checked if tokens are valid: true, expires at: 1750407808944
[debug] [2025-06-20T07:43:19.612Z] >>> [apiv2][query] GET https://firebase.googleapis.com/v1beta1/projects pageSize=1000
[debug] [2025-06-20T07:43:20.331Z] <<< [apiv2][status] GET https://firebase.googleapis.com/v1beta1/projects 200
[debug] [2025-06-20T07:43:20.331Z] <<< [apiv2][body] GET https://firebase.googleapis.com/v1beta1/projects [omitted]
[info] [Firebase Plugin] Stopping Data Connect toolkit
[debug] [2025-06-20T07:44:20.087Z] [Firebase Plugin] Activating Firebase extension.
[info] [Firebase Plugin] Checked firebase-tools, is up to date!
[debug] [2025-06-20T07:44:22.074Z] [Firebase Plugin] requireAuthWrapper
[debug] [2025-06-20T07:44:22.075Z] > command requires scopes: ["email","openid","https://www.googleapis.com/auth/cloudplatformprojects.readonly","https://www.googleapis.com/auth/firebase","https://www.googleapis.com/auth/cloud-platform"]
[debug] [2025-06-20T07:44:22.076Z] > authorizing via signed-in user (frisowempe@gmail.com)
[debug] [2025-06-20T07:44:22.087Z] Checked if tokens are valid: true, expires at: 1750407808944
[debug] [2025-06-20T07:44:22.087Z] Checked if tokens are valid: true, expires at: 1750407808944
[debug] [2025-06-20T07:44:22.087Z] [Firebase Plugin] User found:  frisowempe@gmail.com
[info] [Firebase Plugin] (Core:Project) New user detected, fetching projects
[debug] [2025-06-20T07:44:22.088Z] Checked if tokens are valid: true, expires at: 1750407808944
[debug] [2025-06-20T07:44:22.089Z] >>> [apiv2][query] GET https://firebase.googleapis.com/v1beta1/projects pageSize=1000
[debug] [2025-06-20T07:44:22.106Z] [Firebase Plugin] VSCode notification server listening on port 40001
[debug] [2025-06-20T07:44:22.608Z] <<< [apiv2][status] GET https://firebase.googleapis.com/v1beta1/projects 200
[debug] [2025-06-20T07:44:22.608Z] <<< [apiv2][body] GET https://firebase.googleapis.com/v1beta1/projects [omitted]
[info] [Firebase Plugin] Stopping Data Connect toolkit
[debug] [2025-06-20T07:47:12.290Z] [Firebase Plugin] Activating Firebase extension.
[info] [Firebase Plugin] Checked firebase-tools, is up to date!
[debug] [2025-06-20T07:47:14.648Z] [Firebase Plugin] requireAuthWrapper
[debug] [2025-06-20T07:47:14.649Z] > command requires scopes: ["email","openid","https://www.googleapis.com/auth/cloudplatformprojects.readonly","https://www.googleapis.com/auth/firebase","https://www.googleapis.com/auth/cloud-platform"]
[debug] [2025-06-20T07:47:14.650Z] > authorizing via signed-in user (frisowempe@gmail.com)
[debug] [2025-06-20T07:47:14.653Z] Checked if tokens are valid: true, expires at: 1750407808944
[debug] [2025-06-20T07:47:14.653Z] Checked if tokens are valid: true, expires at: 1750407808944
[debug] [2025-06-20T07:47:14.653Z] [Firebase Plugin] User found:  frisowempe@gmail.com
[info] [Firebase Plugin] (Core:Project) New user detected, fetching projects
[debug] [2025-06-20T07:47:14.654Z] Checked if tokens are valid: true, expires at: 1750407808944
[debug] [2025-06-20T07:47:14.655Z] >>> [apiv2][query] GET https://firebase.googleapis.com/v1beta1/projects pageSize=1000
[debug] [2025-06-20T07:47:14.662Z] [Firebase Plugin] VSCode notification server listening on port 40001
[debug] [2025-06-20T07:47:15.319Z] <<< [apiv2][status] GET https://firebase.googleapis.com/v1beta1/projects 200
[debug] [2025-06-20T07:47:15.320Z] <<< [apiv2][body] GET https://firebase.googleapis.com/v1beta1/projects [omitted]
[info] [Firebase Plugin] Stopping Data Connect toolkit
[debug] [2025-06-20T08:00:40.359Z] [Firebase Plugin] Activating Firebase extension.
[info] [Firebase Plugin] Checked firebase-tools, is up to date!
[debug] [2025-06-20T08:00:42.528Z] [Firebase Plugin] requireAuthWrapper
[debug] [2025-06-20T08:00:42.529Z] > command requires scopes: ["email","openid","https://www.googleapis.com/auth/cloudplatformprojects.readonly","https://www.googleapis.com/auth/firebase","https://www.googleapis.com/auth/cloud-platform"]
[debug] [2025-06-20T08:00:42.529Z] > authorizing via signed-in user (frisowempe@gmail.com)
[debug] [2025-06-20T08:00:42.532Z] Checked if tokens are valid: true, expires at: 1750407808944
[debug] [2025-06-20T08:00:42.532Z] Checked if tokens are valid: true, expires at: 1750407808944
[debug] [2025-06-20T08:00:42.532Z] [Firebase Plugin] User found:  frisowempe@gmail.com
[info] [Firebase Plugin] (Core:Project) New user detected, fetching projects
[debug] [2025-06-20T08:00:42.533Z] Checked if tokens are valid: true, expires at: 1750407808944
[debug] [2025-06-20T08:00:42.534Z] >>> [apiv2][query] GET https://firebase.googleapis.com/v1beta1/projects pageSize=1000
[debug] [2025-06-20T08:00:42.542Z] [Firebase Plugin] VSCode notification server listening on port 40001
[debug] [2025-06-20T08:00:43.000Z] <<< [apiv2][status] GET https://firebase.googleapis.com/v1beta1/projects 200
[debug] [2025-06-20T08:00:43.000Z] <<< [apiv2][body] GET https://firebase.googleapis.com/v1beta1/projects [omitted]
[debug] [2025-06-20T11:51:31.336Z] [Firebase Plugin] Activating Firebase extension.
[info] [Firebase Plugin] Checked firebase-tools, is up to date!
[debug] [2025-06-20T11:51:33.388Z] [Firebase Plugin] requireAuthWrapper
[debug] [2025-06-20T11:51:33.389Z] > command requires scopes: ["email","openid","https://www.googleapis.com/auth/cloudplatformprojects.readonly","https://www.googleapis.com/auth/firebase","https://www.googleapis.com/auth/cloud-platform"]
[debug] [2025-06-20T11:51:33.389Z] > authorizing via signed-in user (frisowempe@gmail.com)
[debug] [2025-06-20T11:51:33.391Z] Checked if tokens are valid: false, expires at: 1750407808944
[debug] [2025-06-20T11:51:33.392Z] Checked if tokens are valid: false, expires at: 1750407808944
[debug] [2025-06-20T11:51:33.392Z] > refreshing access token with scopes: []
[debug] [2025-06-20T11:51:33.393Z] >>> [apiv2][query] POST https://www.googleapis.com/oauth2/v3/token [none]
[debug] [2025-06-20T11:51:33.394Z] >>> [apiv2][body] POST https://www.googleapis.com/oauth2/v3/token [omitted]
[debug] [2025-06-20T11:51:33.400Z] [Firebase Plugin] VSCode notification server listening on port 40001
[debug] [2025-06-20T11:51:33.591Z] <<< [apiv2][status] POST https://www.googleapis.com/oauth2/v3/token 200
[debug] [2025-06-20T11:51:33.592Z] <<< [apiv2][body] POST https://www.googleapis.com/oauth2/v3/token [omitted]
[debug] [2025-06-20T11:51:33.625Z] [Firebase Plugin] User found:  frisowempe@gmail.com
[info] [Firebase Plugin] (Core:Project) New user detected, fetching projects
[debug] [2025-06-20T11:51:33.626Z] Checked if tokens are valid: true, expires at: 1750423892592
[debug] [2025-06-20T11:51:33.626Z] >>> [apiv2][query] GET https://firebase.googleapis.com/v1beta1/projects pageSize=1000
[debug] [2025-06-20T11:51:34.190Z] <<< [apiv2][status] GET https://firebase.googleapis.com/v1beta1/projects 200
[debug] [2025-06-20T11:51:34.190Z] <<< [apiv2][body] GET https://firebase.googleapis.com/v1beta1/projects [omitted]
[debug] [2025-06-20T11:55:16.541Z] [Firebase Plugin] Activating Firebase extension.
[info] [Firebase Plugin] Checked firebase-tools, is up to date!
[debug] [2025-06-20T11:55:18.235Z] [Firebase Plugin] requireAuthWrapper
[debug] [2025-06-20T11:55:18.235Z] > command requires scopes: ["email","openid","https://www.googleapis.com/auth/cloudplatformprojects.readonly","https://www.googleapis.com/auth/firebase","https://www.googleapis.com/auth/cloud-platform"]
[debug] [2025-06-20T11:55:18.235Z] > authorizing via signed-in user (frisowempe@gmail.com)
[debug] [2025-06-20T11:55:18.237Z] Checked if tokens are valid: true, expires at: 1750423892592
[debug] [2025-06-20T11:55:18.237Z] Checked if tokens are valid: true, expires at: 1750423892592
[debug] [2025-06-20T11:55:18.237Z] [Firebase Plugin] User found:  frisowempe@gmail.com
[info] [Firebase Plugin] (Core:Project) New user detected, fetching projects
[debug] [2025-06-20T11:55:18.238Z] Checked if tokens are valid: true, expires at: 1750423892592
[debug] [2025-06-20T11:55:18.238Z] >>> [apiv2][query] GET https://firebase.googleapis.com/v1beta1/projects pageSize=1000
[debug] [2025-06-20T11:55:18.242Z] [Firebase Plugin] VSCode notification server listening on port 40001
[debug] [2025-06-20T11:55:18.779Z] <<< [apiv2][status] GET https://firebase.googleapis.com/v1beta1/projects 200
[debug] [2025-06-20T11:55:18.779Z] <<< [apiv2][body] GET https://firebase.googleapis.com/v1beta1/projects [omitted]
[debug] [2025-06-20T11:58:40.054Z] [Firebase Plugin] Activating Firebase extension.
[info] [Firebase Plugin] Checked firebase-tools, is up to date!
[debug] [2025-06-20T11:58:41.618Z] [Firebase Plugin] requireAuthWrapper
[debug] [2025-06-20T11:58:41.619Z] > command requires scopes: ["email","openid","https://www.googleapis.com/auth/cloudplatformprojects.readonly","https://www.googleapis.com/auth/firebase","https://www.googleapis.com/auth/cloud-platform"]
[debug] [2025-06-20T11:58:41.619Z] > authorizing via signed-in user (frisowempe@gmail.com)
[debug] [2025-06-20T11:58:41.621Z] Checked if tokens are valid: true, expires at: 1750423892592
[debug] [2025-06-20T11:58:41.621Z] Checked if tokens are valid: true, expires at: 1750423892592
[debug] [2025-06-20T11:58:41.621Z] [Firebase Plugin] User found:  frisowempe@gmail.com
[info] [Firebase Plugin] (Core:Project) New user detected, fetching projects
[debug] [2025-06-20T11:58:41.621Z] Checked if tokens are valid: true, expires at: 1750423892592
[debug] [2025-06-20T11:58:41.622Z] >>> [apiv2][query] GET https://firebase.googleapis.com/v1beta1/projects pageSize=1000
[debug] [2025-06-20T11:58:41.626Z] [Firebase Plugin] VSCode notification server listening on port 40001
[debug] [2025-06-20T11:58:42.164Z] <<< [apiv2][status] GET https://firebase.googleapis.com/v1beta1/projects 200
[debug] [2025-06-20T11:58:42.164Z] <<< [apiv2][body] GET https://firebase.googleapis.com/v1beta1/projects [omitted]
[debug] [2025-06-20T12:07:51.536Z] [Firebase Plugin] Activating Firebase extension.
[info] [Firebase Plugin] Checked firebase-tools, is up to date!
[debug] [2025-06-20T12:07:53.213Z] [Firebase Plugin] requireAuthWrapper
[debug] [2025-06-20T12:07:53.214Z] > command requires scopes: ["email","openid","https://www.googleapis.com/auth/cloudplatformprojects.readonly","https://www.googleapis.com/auth/firebase","https://www.googleapis.com/auth/cloud-platform"]
[debug] [2025-06-20T12:07:53.214Z] > authorizing via signed-in user (frisowempe@gmail.com)
[debug] [2025-06-20T12:07:53.217Z] Checked if tokens are valid: true, expires at: 1750423892592
[debug] [2025-06-20T12:07:53.217Z] Checked if tokens are valid: true, expires at: 1750423892592
[debug] [2025-06-20T12:07:53.217Z] [Firebase Plugin] User found:  frisowempe@gmail.com
[info] [Firebase Plugin] (Core:Project) New user detected, fetching projects
[debug] [2025-06-20T12:07:53.217Z] Checked if tokens are valid: true, expires at: 1750423892592
[debug] [2025-06-20T12:07:53.218Z] >>> [apiv2][query] GET https://firebase.googleapis.com/v1beta1/projects pageSize=1000
[debug] [2025-06-20T12:07:53.223Z] [Firebase Plugin] VSCode notification server listening on port 40001
[debug] [2025-06-20T12:07:53.765Z] <<< [apiv2][status] GET https://firebase.googleapis.com/v1beta1/projects 200
[debug] [2025-06-20T12:07:53.765Z] <<< [apiv2][body] GET https://firebase.googleapis.com/v1beta1/projects [omitted]
[info] [Firebase Plugin] Stopping Data Connect toolkit
[debug] [2025-06-20T15:06:50.693Z] [Firebase Plugin] Activating Firebase extension.
[debug] [2025-06-20T15:06:57.071Z] [Firebase Plugin] requireAuthWrapper
[debug] [2025-06-20T15:06:57.073Z] > command requires scopes: ["email","openid","https://www.googleapis.com/auth/cloudplatformprojects.readonly","https://www.googleapis.com/auth/firebase","https://www.googleapis.com/auth/cloud-platform"]
[debug] [2025-06-20T15:06:57.073Z] > authorizing via signed-in user (frisowempe@gmail.com)
[debug] [2025-06-20T15:06:57.079Z] Checked if tokens are valid: false, expires at: 1750423892592
[debug] [2025-06-20T15:06:57.079Z] Checked if tokens are valid: false, expires at: 1750423892592
[debug] [2025-06-20T15:06:57.079Z] > refreshing access token with scopes: []
[debug] [2025-06-20T15:06:57.081Z] >>> [apiv2][query] POST https://www.googleapis.com/oauth2/v3/token [none]
[debug] [2025-06-20T15:06:57.081Z] >>> [apiv2][body] POST https://www.googleapis.com/oauth2/v3/token [omitted]
[debug] [2025-06-20T15:06:57.091Z] [Firebase Plugin] VSCode notification server listening on port 40001
[debug] [2025-06-20T15:06:58.282Z] <<< [apiv2][status] POST https://www.googleapis.com/oauth2/v3/token 200
[debug] [2025-06-20T15:06:58.282Z] <<< [apiv2][body] POST https://www.googleapis.com/oauth2/v3/token [omitted]
[debug] [2025-06-20T15:06:58.296Z] [Firebase Plugin] User found:  frisowempe@gmail.com
[info] [Firebase Plugin] (Core:Project) New user detected, fetching projects
[debug] [2025-06-20T15:06:58.296Z] Checked if tokens are valid: true, expires at: 1750435617282
[debug] [2025-06-20T15:06:58.297Z] >>> [apiv2][query] GET https://firebase.googleapis.com/v1beta1/projects pageSize=1000
[debug] [2025-06-20T15:06:58.788Z] <<< [apiv2][status] GET https://firebase.googleapis.com/v1beta1/projects 200
[debug] [2025-06-20T15:06:58.788Z] <<< [apiv2][body] GET https://firebase.googleapis.com/v1beta1/projects [omitted]
[info] [Firebase Plugin] Starting Data Connect toolkit (version 2.6.3) on port 50001
[info] i  dataconnect: downloading dataconnect-emulator-2.6.3... {"metadata":{"emulator":{"name":"dataconnect"},"message":"downloading dataconnect-emulator-2.6.3..."}}
[debug] [2025-06-20T18:05:47.609Z] >>> [apiv2][query] GET https://storage.googleapis.com/firemat-preview-drop/emulator/dataconnect-emulator-macos-v2.6.3 
[debug] [2025-06-20T18:05:48.001Z] <<< [apiv2][status] GET https://storage.googleapis.com/firemat-preview-drop/emulator/dataconnect-emulator-macos-v2.6.3 200
[debug] [2025-06-20T18:05:48.002Z] <<< [apiv2][body] GET https://storage.googleapis.com/firemat-preview-drop/emulator/dataconnect-emulator-macos-v2.6.3 [stream]
[info] i  dataconnect: Removing outdated emulator files: dataconnect-emulator-2.6.1 {"metadata":{"emulator":{"name":"dataconnect"},"message":"Removing outdated emulator files: dataconnect-emulator-2.6.1"}}
[debug] [2025-06-20T18:05:55.043Z] I0620 20:05:55.030401   39365 control.go:73] [/emulator/studio 31b1] UpdateResources(): done
Schema: sources: schema/schema.gql [2088B] 
Connector "default": sources: connector/mutations.gql [1233B] connector/queries.gql [1802B] 
 {"metadata":{"emulator":{"name":"dataconnect"},"message":"I0620 20:05:55.030401   39365 control.go:73] [/emulator/studio 31b1] UpdateResources(): done\nSchema: sources: schema/schema.gql [2088B] \nConnector \"default\": sources: connector/mutations.gql [1233B] connector/queries.gql [1802B] \n"}}
[debug] [2025-06-20T18:05:55.046Z] Ignoring unsupported arg: auto_download {"metadata":{"emulator":{"name":"dataconnect"},"message":"Ignoring unsupported arg: auto_download"}}
[debug] [2025-06-20T18:05:55.046Z] Ignoring unsupported arg: port {"metadata":{"emulator":{"name":"dataconnect"},"message":"Ignoring unsupported arg: port"}}
[debug] [2025-06-20T18:05:55.046Z] Starting Data Connect Emulator with command {"binary":"/Users/frisowempe/.cache/firebase/emulators/dataconnect-emulator-2.6.3","args":["--logtostderr","-v=2","dev","--listen=localhost:50001","--config_dir=/Users/frisowempe/Desktop/isa_workspace/dataconnect","--enable_output_schema_extensions=true","--enable_output_generated_sdk=true"],"optionalArgs":["listen","config_dir","enable_output_schema_extensions","enable_output_generated_sdk"],"joinArgs":true,"shell":false,"port":9399} {"metadata":{"emulator":{"name":"dataconnect"},"message":"Starting Data Connect Emulator with command {\"binary\":\"/Users/frisowempe/.cache/firebase/emulators/dataconnect-emulator-2.6.3\",\"args\":[\"--logtostderr\",\"-v=2\",\"dev\",\"--listen=localhost:50001\",\"--config_dir=/Users/frisowempe/Desktop/isa_workspace/dataconnect\",\"--enable_output_schema_extensions=true\",\"--enable_output_generated_sdk=true\"],\"optionalArgs\":[\"listen\",\"config_dir\",\"enable_output_schema_extensions\",\"enable_output_generated_sdk\"],\"joinArgs\":true,\"shell\":false,\"port\":9399}"}}
[info] i  dataconnect: Data Connect Emulator logging to dataconnect-debug.log {"metadata":{"emulator":{"name":"dataconnect"},"message":"Data Connect Emulator logging to dataconnect-debug.log"}}
[debug] [2025-06-20T18:05:55.211Z] I0620 20:05:55.210363   39387 load.go:37] Reloading schema and connectors...
 {"metadata":{"emulator":{"name":"dataconnect"},"message":"I0620 20:05:55.210363   39387 load.go:37] Reloading schema and connectors...\n"}}
[debug] [2025-06-20T18:05:55.238Z] I0620 20:05:55.238212   39387 control.go:73] [/emulator/studio b42d] UpdateResources(): done
Schema: sources: schema/schema.gql [2088B] 
Connector "default": sources: connector/mutations.gql [1233B] connector/queries.gql [1802B] 
 {"metadata":{"emulator":{"name":"dataconnect"},"message":"I0620 20:05:55.238212   39387 control.go:73] [/emulator/studio b42d] UpdateResources(): done\nSchema: sources: schema/schema.gql [2088B] \nConnector \"default\": sources: connector/mutations.gql [1233B] connector/queries.gql [1802B] \n"}}
[debug] [2025-06-20T18:05:55.258Z] I0620 20:05:55.258101   39387 codegen.go:82] [connector "default" javascriptSdk] Generating sources into "/Users/frisowempe/Desktop/isa_workspace/dataconnect-generated/js/default-connector"
 {"metadata":{"emulator":{"name":"dataconnect"},"message":"I0620 20:05:55.258101   39387 codegen.go:82] [connector \"default\" javascriptSdk] Generating sources into \"/Users/frisowempe/Desktop/isa_workspace/dataconnect-generated/js/default-connector\"\n"}}
[debug] [2025-06-20T18:05:55.271Z] I0620 20:05:55.270989   39387 collector.go:107] schema extensions wrote into "/Users/frisowempe/Desktop/isa_workspace/dataconnect/.dataconnect/schema"
Generated sources: prelude.gql [71531B] 
 {"metadata":{"emulator":{"name":"dataconnect"},"message":"I0620 20:05:55.270989   39387 collector.go:107] schema extensions wrote into \"/Users/frisowempe/Desktop/isa_workspace/dataconnect/.dataconnect/schema\"\nGenerated sources: prelude.gql [71531B] \n"}}
[debug] [2025-06-20T18:05:55.272Z] I0620 20:05:55.272501   39387 collector.go:107] connector "default" javascriptSdk wrote into "/Users/frisowempe/Desktop/isa_workspace/dataconnect-generated/js/default-connector"
Generated sources: esm/package.json [17B] package.json [860B] README.md [2774B] react/esm/package.json [17B] react/esm/index.esm.js [0B] index.d.ts [246B] esm/index.esm.js [109B] index.cjs.js [144B] react/index.d.ts [228B] react/package.json [468B] react/index.cjs.js [0B] react/README.md [5357B] 
 {"metadata":{"emulator":{"name":"dataconnect"},"message":"I0620 20:05:55.272501   39387 collector.go:107] connector \"default\" javascriptSdk wrote into \"/Users/frisowempe/Desktop/isa_workspace/dataconnect-generated/js/default-connector\"\nGenerated sources: esm/package.json [17B] package.json [860B] README.md [2774B] react/esm/package.json [17B] react/esm/index.esm.js [0B] index.d.ts [246B] esm/index.esm.js [109B] index.cjs.js [144B] react/index.d.ts [228B] react/package.json [468B] react/index.cjs.js [0B] react/README.md [5357B] \n"}}
[debug] [2025-06-20T18:05:55.275Z] I0620 20:05:55.275530   39387 installsdk.go:49] Package @firebasegen/default-connector is already installed. Skipping installation
 {"metadata":{"emulator":{"name":"dataconnect"},"message":"I0620 20:05:55.275530   39387 installsdk.go:49] Package @firebasegen/default-connector is already installed. Skipping installation\n"}}
[debug] [2025-06-20T18:05:55.275Z] I0620 20:05:55.275617   39387 load.go:115] Finished reloading
 {"metadata":{"emulator":{"name":"dataconnect"},"message":"I0620 20:05:55.275617   39387 load.go:115] Finished reloading\n"}}
[debug] [2025-06-20T18:05:55.282Z] I0620 20:05:55.282207   39387 dev.go:95] Listening on address (HTTP + gRPC): 127.0.0.1:50001
 {"metadata":{"emulator":{"name":"dataconnect"},"message":"I0620 20:05:55.282207   39387 dev.go:95] Listening on address (HTTP + gRPC): 127.0.0.1:50001\n"}}
[error] [Firebase Plugin] error:  {}
[info] [Firebase Plugin] Stopping Data Connect toolkit
[warn] ⚠  Data Connect Emulator has exited upon receiving signal: SIGINT 
[debug] [2025-06-20T18:13:42.829Z] [Firebase Plugin] Activating Firebase extension.
[info] [Firebase Plugin] Checked firebase-tools, is up to date!
[debug] [2025-06-20T18:13:44.816Z] [Firebase Plugin] requireAuthWrapper
[debug] [2025-06-20T18:13:44.816Z] > command requires scopes: ["email","openid","https://www.googleapis.com/auth/cloudplatformprojects.readonly","https://www.googleapis.com/auth/firebase","https://www.googleapis.com/auth/cloud-platform"]
[debug] [2025-06-20T18:13:44.816Z] > authorizing via signed-in user (frisowempe@gmail.com)
[debug] [2025-06-20T18:13:44.818Z] Checked if tokens are valid: true, expires at: 1750445314356
[debug] [2025-06-20T18:13:44.818Z] Checked if tokens are valid: true, expires at: 1750445314356
[debug] [2025-06-20T18:13:44.818Z] [Firebase Plugin] User found:  frisowempe@gmail.com
[info] [Firebase Plugin] (Core:Project) New user detected, fetching projects
[debug] [2025-06-20T18:13:44.819Z] Checked if tokens are valid: true, expires at: 1750445314356
[debug] [2025-06-20T18:13:44.820Z] >>> [apiv2][query] GET https://firebase.googleapis.com/v1beta1/projects pageSize=1000
[debug] [2025-06-20T18:13:44.824Z] [Firebase Plugin] VSCode notification server listening on port 40001
[info] [Firebase Plugin] Starting Data Connect toolkit (version 2.6.3) on port 50001
[debug] [2025-06-20T18:13:46.270Z] I0620 20:13:46.255103   44670 control.go:73] [/emulator/studio 28b9] UpdateResources(): done
Schema: sources: schema/schema.gql [2088B] 
Connector "default": sources: connector/mutations.gql [1233B] connector/queries.gql [1802B] 
 {"metadata":{"emulator":{"name":"dataconnect"},"message":"I0620 20:13:46.255103   44670 control.go:73] [/emulator/studio 28b9] UpdateResources(): done\nSchema: sources: schema/schema.gql [2088B] \nConnector \"default\": sources: connector/mutations.gql [1233B] connector/queries.gql [1802B] \n"}}
[debug] [2025-06-20T18:13:46.271Z] Ignoring unsupported arg: auto_download {"metadata":{"emulator":{"name":"dataconnect"},"message":"Ignoring unsupported arg: auto_download"}}
[debug] [2025-06-20T18:13:46.271Z] Ignoring unsupported arg: port {"metadata":{"emulator":{"name":"dataconnect"},"message":"Ignoring unsupported arg: port"}}
[debug] [2025-06-20T18:13:46.271Z] Starting Data Connect Emulator with command {"binary":"/Users/frisowempe/.cache/firebase/emulators/dataconnect-emulator-2.6.3","args":["--logtostderr","-v=2","dev","--listen=localhost:50001","--config_dir=/Users/frisowempe/Desktop/isa_workspace/dataconnect","--enable_output_schema_extensions=true","--enable_output_generated_sdk=true"],"optionalArgs":["listen","config_dir","enable_output_schema_extensions","enable_output_generated_sdk"],"joinArgs":true,"shell":false,"port":9399} {"metadata":{"emulator":{"name":"dataconnect"},"message":"Starting Data Connect Emulator with command {\"binary\":\"/Users/frisowempe/.cache/firebase/emulators/dataconnect-emulator-2.6.3\",\"args\":[\"--logtostderr\",\"-v=2\",\"dev\",\"--listen=localhost:50001\",\"--config_dir=/Users/frisowempe/Desktop/isa_workspace/dataconnect\",\"--enable_output_schema_extensions=true\",\"--enable_output_generated_sdk=true\"],\"optionalArgs\":[\"listen\",\"config_dir\",\"enable_output_schema_extensions\",\"enable_output_generated_sdk\"],\"joinArgs\":true,\"shell\":false,\"port\":9399}"}}
[info] i  dataconnect: Data Connect Emulator logging to dataconnect-debug.log {"metadata":{"emulator":{"name":"dataconnect"},"message":"Data Connect Emulator logging to dataconnect-debug.log"}}
[debug] [2025-06-20T18:13:46.524Z] I0620 20:13:46.523186   44671 load.go:37] Reloading schema and connectors...
 {"metadata":{"emulator":{"name":"dataconnect"},"message":"I0620 20:13:46.523186   44671 load.go:37] Reloading schema and connectors...\n"}}
[debug] [2025-06-20T18:13:46.592Z] I0620 20:13:46.592836   44671 control.go:73] [/emulator/studio 9a2d] UpdateResources(): done
Schema: sources: schema/schema.gql [2088B] 
Connector "default": sources: connector/mutations.gql [1233B] connector/queries.gql [1802B] 
 {"metadata":{"emulator":{"name":"dataconnect"},"message":"I0620 20:13:46.592836   44671 control.go:73] [/emulator/studio 9a2d] UpdateResources(): done\nSchema: sources: schema/schema.gql [2088B] \nConnector \"default\": sources: connector/mutations.gql [1233B] connector/queries.gql [1802B] \n"}}
[debug] [2025-06-20T18:13:46.628Z] I0620 20:13:46.628192   44671 codegen.go:82] [connector "default" javascriptSdk] Generating sources into "/Users/frisowempe/Desktop/isa_workspace/dataconnect-generated/js/default-connector"
 {"metadata":{"emulator":{"name":"dataconnect"},"message":"I0620 20:13:46.628192   44671 codegen.go:82] [connector \"default\" javascriptSdk] Generating sources into \"/Users/frisowempe/Desktop/isa_workspace/dataconnect-generated/js/default-connector\"\n"}}
[debug] [2025-06-20T18:13:46.645Z] I0620 20:13:46.644544   44671 collector.go:107] schema extensions wrote into "/Users/frisowempe/Desktop/isa_workspace/dataconnect/.dataconnect/schema"
Generated sources: prelude.gql [71531B] 
 {"metadata":{"emulator":{"name":"dataconnect"},"message":"I0620 20:13:46.644544   44671 collector.go:107] schema extensions wrote into \"/Users/frisowempe/Desktop/isa_workspace/dataconnect/.dataconnect/schema\"\nGenerated sources: prelude.gql [71531B] \n"}}
[debug] [2025-06-20T18:13:46.646Z] I0620 20:13:46.646721   44671 collector.go:107] connector "default" javascriptSdk wrote into "/Users/frisowempe/Desktop/isa_workspace/dataconnect-generated/js/default-connector"
Generated sources: esm/package.json [17B] index.cjs.js [144B] package.json [860B] react/index.d.ts [228B] react/package.json [468B] react/esm/package.json [17B] index.d.ts [246B] esm/index.esm.js [109B] react/index.cjs.js [0B] react/esm/index.esm.js [0B] README.md [2774B] react/README.md [5357B] 
 {"metadata":{"emulator":{"name":"dataconnect"},"message":"I0620 20:13:46.646721   44671 collector.go:107] connector \"default\" javascriptSdk wrote into \"/Users/frisowempe/Desktop/isa_workspace/dataconnect-generated/js/default-connector\"\nGenerated sources: esm/package.json [17B] index.cjs.js [144B] package.json [860B] react/index.d.ts [228B] react/package.json [468B] react/esm/package.json [17B] index.d.ts [246B] esm/index.esm.js [109B] react/index.cjs.js [0B] react/esm/index.esm.js [0B] README.md [2774B] react/README.md [5357B] \n"}}
[debug] [2025-06-20T18:13:46.653Z] I0620 20:13:46.653611   44671 installsdk.go:49] Package @firebasegen/default-connector is already installed. Skipping installation
 {"metadata":{"emulator":{"name":"dataconnect"},"message":"I0620 20:13:46.653611   44671 installsdk.go:49] Package @firebasegen/default-connector is already installed. Skipping installation\n"}}
[debug] [2025-06-20T18:13:46.653Z] I0620 20:13:46.653738   44671 load.go:115] Finished reloading
 {"metadata":{"emulator":{"name":"dataconnect"},"message":"I0620 20:13:46.653738   44671 load.go:115] Finished reloading\n"}}
[debug] [2025-06-20T18:13:46.663Z] I0620 20:13:46.662990   44671 dev.go:95] Listening on address (HTTP + gRPC): 127.0.0.1:50001
 {"metadata":{"emulator":{"name":"dataconnect"},"message":"I0620 20:13:46.662990   44671 dev.go:95] Listening on address (HTTP + gRPC): 127.0.0.1:50001\n"}}
[error] [Firebase Plugin] error:  {}
[debug] [2025-06-20T18:13:46.760Z] <<< [apiv2][status] GET https://firebase.googleapis.com/v1beta1/projects 200
[debug] [2025-06-20T18:13:46.760Z] <<< [apiv2][body] GET https://firebase.googleapis.com/v1beta1/projects [omitted]
[info] [Firebase Plugin] Stopping Data Connect toolkit
[warn] ⚠  Data Connect Emulator has exited upon receiving signal: SIGINT 
[debug] [2025-06-20T18:15:18.792Z] [Firebase Plugin] Activating Firebase extension.
[info] [Firebase Plugin] Checked firebase-tools, is up to date!
[debug] [2025-06-20T18:15:21.113Z] [Firebase Plugin] requireAuthWrapper
[debug] [2025-06-20T18:15:21.114Z] > command requires scopes: ["email","openid","https://www.googleapis.com/auth/cloudplatformprojects.readonly","https://www.googleapis.com/auth/firebase","https://www.googleapis.com/auth/cloud-platform"]
[debug] [2025-06-20T18:15:21.114Z] > authorizing via signed-in user (frisowempe@gmail.com)
[debug] [2025-06-20T18:15:21.116Z] Checked if tokens are valid: true, expires at: 1750445314356
[debug] [2025-06-20T18:15:21.116Z] Checked if tokens are valid: true, expires at: 1750445314356
[debug] [2025-06-20T18:15:21.117Z] [Firebase Plugin] User found:  frisowempe@gmail.com
[info] [Firebase Plugin] (Core:Project) New user detected, fetching projects
[debug] [2025-06-20T18:15:21.117Z] Checked if tokens are valid: true, expires at: 1750445314356
[debug] [2025-06-20T18:15:21.118Z] >>> [apiv2][query] GET https://firebase.googleapis.com/v1beta1/projects pageSize=1000
[debug] [2025-06-20T18:15:21.124Z] [Firebase Plugin] VSCode notification server listening on port 40001
[info] [Firebase Plugin] Starting Data Connect toolkit (version 2.6.3) on port 50001
[debug] [2025-06-20T18:15:22.641Z] I0620 20:15:22.620850   49308 control.go:73] [/emulator/studio 018c] UpdateResources(): done
Schema: sources: schema/schema.gql [2088B] 
Connector "default": sources: connector/mutations.gql [1233B] connector/queries.gql [1802B] 
 {"metadata":{"emulator":{"name":"dataconnect"},"message":"I0620 20:15:22.620850   49308 control.go:73] [/emulator/studio 018c] UpdateResources(): done\nSchema: sources: schema/schema.gql [2088B] \nConnector \"default\": sources: connector/mutations.gql [1233B] connector/queries.gql [1802B] \n"}}
[debug] [2025-06-20T18:15:22.643Z] Ignoring unsupported arg: auto_download {"metadata":{"emulator":{"name":"dataconnect"},"message":"Ignoring unsupported arg: auto_download"}}
[debug] [2025-06-20T18:15:22.643Z] Ignoring unsupported arg: port {"metadata":{"emulator":{"name":"dataconnect"},"message":"Ignoring unsupported arg: port"}}
[debug] [2025-06-20T18:15:22.644Z] Starting Data Connect Emulator with command {"binary":"/Users/frisowempe/.cache/firebase/emulators/dataconnect-emulator-2.6.3","args":["--logtostderr","-v=2","dev","--listen=localhost:50001","--config_dir=/Users/frisowempe/Desktop/isa_workspace/dataconnect","--enable_output_schema_extensions=true","--enable_output_generated_sdk=true"],"optionalArgs":["listen","config_dir","enable_output_schema_extensions","enable_output_generated_sdk"],"joinArgs":true,"shell":false,"port":9399} {"metadata":{"emulator":{"name":"dataconnect"},"message":"Starting Data Connect Emulator with command {\"binary\":\"/Users/frisowempe/.cache/firebase/emulators/dataconnect-emulator-2.6.3\",\"args\":[\"--logtostderr\",\"-v=2\",\"dev\",\"--listen=localhost:50001\",\"--config_dir=/Users/frisowempe/Desktop/isa_workspace/dataconnect\",\"--enable_output_schema_extensions=true\",\"--enable_output_generated_sdk=true\"],\"optionalArgs\":[\"listen\",\"config_dir\",\"enable_output_schema_extensions\",\"enable_output_generated_sdk\"],\"joinArgs\":true,\"shell\":false,\"port\":9399}"}}
[info] i  dataconnect: Data Connect Emulator logging to dataconnect-debug.log {"metadata":{"emulator":{"name":"dataconnect"},"message":"Data Connect Emulator logging to dataconnect-debug.log"}}
[debug] [2025-06-20T18:15:22.992Z] I0620 20:15:22.990312   49309 load.go:37] Reloading schema and connectors...
 {"metadata":{"emulator":{"name":"dataconnect"},"message":"I0620 20:15:22.990312   49309 load.go:37] Reloading schema and connectors...\n"}}
[debug] [2025-06-20T18:15:23.033Z] I0620 20:15:23.032679   49309 control.go:73] [/emulator/studio d488] UpdateResources(): done
Schema: sources: schema/schema.gql [2088B] 
Connector "default": sources: connector/mutations.gql [1233B] connector/queries.gql [1802B] 
 {"metadata":{"emulator":{"name":"dataconnect"},"message":"I0620 20:15:23.032679   49309 control.go:73] [/emulator/studio d488] UpdateResources(): done\nSchema: sources: schema/schema.gql [2088B] \nConnector \"default\": sources: connector/mutations.gql [1233B] connector/queries.gql [1802B] \n"}}
[debug] [2025-06-20T18:15:23.063Z] I0620 20:15:23.063073   49309 codegen.go:82] [connector "default" javascriptSdk] Generating sources into "/Users/frisowempe/Desktop/isa_workspace/dataconnect-generated/js/default-connector"
 {"metadata":{"emulator":{"name":"dataconnect"},"message":"I0620 20:15:23.063073   49309 codegen.go:82] [connector \"default\" javascriptSdk] Generating sources into \"/Users/frisowempe/Desktop/isa_workspace/dataconnect-generated/js/default-connector\"\n"}}
[debug] [2025-06-20T18:15:23.085Z] I0620 20:15:23.085682   49309 collector.go:107] schema extensions wrote into "/Users/frisowempe/Desktop/isa_workspace/dataconnect/.dataconnect/schema"
Generated sources: prelude.gql [71531B] 
 {"metadata":{"emulator":{"name":"dataconnect"},"message":"I0620 20:15:23.085682   49309 collector.go:107] schema extensions wrote into \"/Users/frisowempe/Desktop/isa_workspace/dataconnect/.dataconnect/schema\"\nGenerated sources: prelude.gql [71531B] \n"}}
[debug] [2025-06-20T18:15:23.087Z] I0620 20:15:23.087540   49309 collector.go:107] connector "default" javascriptSdk wrote into "/Users/frisowempe/Desktop/isa_workspace/dataconnect-generated/js/default-connector"
Generated sources: esm/package.json [17B] README.md [2774B] react/package.json [468B] react/esm/package.json [17B] react/index.cjs.js [0B] index.d.ts [246B] esm/index.esm.js [109B] react/index.d.ts [228B] react/esm/index.esm.js [0B] react/README.md [5357B] index.cjs.js [144B] package.json [860B] 
 {"metadata":{"emulator":{"name":"dataconnect"},"message":"I0620 20:15:23.087540   49309 collector.go:107] connector \"default\" javascriptSdk wrote into \"/Users/frisowempe/Desktop/isa_workspace/dataconnect-generated/js/default-connector\"\nGenerated sources: esm/package.json [17B] README.md [2774B] react/package.json [468B] react/esm/package.json [17B] react/index.cjs.js [0B] index.d.ts [246B] esm/index.esm.js [109B] react/index.d.ts [228B] react/esm/index.esm.js [0B] react/README.md [5357B] index.cjs.js [144B] package.json [860B] \n"}}
[debug] [2025-06-20T18:15:23.091Z] I0620 20:15:23.091686   49309 installsdk.go:49] Package @firebasegen/default-connector is already installed. Skipping installation
 {"metadata":{"emulator":{"name":"dataconnect"},"message":"I0620 20:15:23.091686   49309 installsdk.go:49] Package @firebasegen/default-connector is already installed. Skipping installation\n"}}
[debug] [2025-06-20T18:15:23.092Z] I0620 20:15:23.091815   49309 load.go:115] Finished reloading
 {"metadata":{"emulator":{"name":"dataconnect"},"message":"I0620 20:15:23.091815   49309 load.go:115] Finished reloading\n"}}
[debug] [2025-06-20T18:15:23.103Z] I0620 20:15:23.103028   49309 dev.go:95] Listening on address (HTTP + gRPC): 127.0.0.1:50001
 {"metadata":{"emulator":{"name":"dataconnect"},"message":"I0620 20:15:23.103028   49309 dev.go:95] Listening on address (HTTP + gRPC): 127.0.0.1:50001\n"}}
[debug] [2025-06-20T18:15:23.146Z] <<< [apiv2][status] GET https://firebase.googleapis.com/v1beta1/projects 200
[debug] [2025-06-20T18:15:23.146Z] <<< [apiv2][body] GET https://firebase.googleapis.com/v1beta1/projects [omitted]
[error] [Firebase Plugin] error:  {}
[info] [Firebase Plugin] Stopping Data Connect toolkit
[warn] ⚠  Data Connect Emulator has exited upon receiving signal: SIGINT 
[debug] [2025-06-20T18:16:00.147Z] [Firebase Plugin] Activating Firebase extension.
[info] [Firebase Plugin] Checked firebase-tools, is up to date!
[debug] [2025-06-20T18:16:01.808Z] [Firebase Plugin] requireAuthWrapper
[debug] [2025-06-20T18:16:01.809Z] > command requires scopes: ["email","openid","https://www.googleapis.com/auth/cloudplatformprojects.readonly","https://www.googleapis.com/auth/firebase","https://www.googleapis.com/auth/cloud-platform"]
[debug] [2025-06-20T18:16:01.809Z] > authorizing via signed-in user (frisowempe@gmail.com)
[debug] [2025-06-20T18:16:01.810Z] Checked if tokens are valid: true, expires at: 1750445314356
[debug] [2025-06-20T18:16:01.811Z] Checked if tokens are valid: true, expires at: 1750445314356
[debug] [2025-06-20T18:16:01.811Z] [Firebase Plugin] User found:  frisowempe@gmail.com
[info] [Firebase Plugin] (Core:Project) New user detected, fetching projects
[debug] [2025-06-20T18:16:01.811Z] Checked if tokens are valid: true, expires at: 1750445314356
[debug] [2025-06-20T18:16:01.812Z] >>> [apiv2][query] GET https://firebase.googleapis.com/v1beta1/projects pageSize=1000
[debug] [2025-06-20T18:16:01.815Z] [Firebase Plugin] VSCode notification server listening on port 40001
[info] [Firebase Plugin] Starting Data Connect toolkit (version 2.6.3) on port 50001
[debug] [2025-06-20T18:16:03.170Z] I0620 20:16:03.151101   51172 control.go:73] [/emulator/studio 320e] UpdateResources(): done
Schema: sources: schema/schema.gql [2088B] 
Connector "default": sources: connector/mutations.gql [1233B] connector/queries.gql [1802B] 
 {"metadata":{"emulator":{"name":"dataconnect"},"message":"I0620 20:16:03.151101   51172 control.go:73] [/emulator/studio 320e] UpdateResources(): done\nSchema: sources: schema/schema.gql [2088B] \nConnector \"default\": sources: connector/mutations.gql [1233B] connector/queries.gql [1802B] \n"}}
[debug] [2025-06-20T18:16:03.170Z] Ignoring unsupported arg: auto_download {"metadata":{"emulator":{"name":"dataconnect"},"message":"Ignoring unsupported arg: auto_download"}}
[debug] [2025-06-20T18:16:03.170Z] Ignoring unsupported arg: port {"metadata":{"emulator":{"name":"dataconnect"},"message":"Ignoring unsupported arg: port"}}
[debug] [2025-06-20T18:16:03.170Z] Starting Data Connect Emulator with command {"binary":"/Users/frisowempe/.cache/firebase/emulators/dataconnect-emulator-2.6.3","args":["--logtostderr","-v=2","dev","--listen=localhost:50001","--config_dir=/Users/frisowempe/Desktop/isa_workspace/dataconnect","--enable_output_schema_extensions=true","--enable_output_generated_sdk=true"],"optionalArgs":["listen","config_dir","enable_output_schema_extensions","enable_output_generated_sdk"],"joinArgs":true,"shell":false,"port":9399} {"metadata":{"emulator":{"name":"dataconnect"},"message":"Starting Data Connect Emulator with command {\"binary\":\"/Users/frisowempe/.cache/firebase/emulators/dataconnect-emulator-2.6.3\",\"args\":[\"--logtostderr\",\"-v=2\",\"dev\",\"--listen=localhost:50001\",\"--config_dir=/Users/frisowempe/Desktop/isa_workspace/dataconnect\",\"--enable_output_schema_extensions=true\",\"--enable_output_generated_sdk=true\"],\"optionalArgs\":[\"listen\",\"config_dir\",\"enable_output_schema_extensions\",\"enable_output_generated_sdk\"],\"joinArgs\":true,\"shell\":false,\"port\":9399}"}}
[info] i  dataconnect: Data Connect Emulator logging to dataconnect-debug.log {"metadata":{"emulator":{"name":"dataconnect"},"message":"Data Connect Emulator logging to dataconnect-debug.log"}}
[debug] [2025-06-20T18:16:03.409Z] I0620 20:16:03.408044   51173 load.go:37] Reloading schema and connectors...
 {"metadata":{"emulator":{"name":"dataconnect"},"message":"I0620 20:16:03.408044   51173 load.go:37] Reloading schema and connectors...\n"}}
[debug] [2025-06-20T18:16:03.452Z] I0620 20:16:03.452107   51173 control.go:73] [/emulator/studio e363] UpdateResources(): done
Schema: sources: schema/schema.gql [2088B] 
Connector "default": sources: connector/mutations.gql [1233B] connector/queries.gql [1802B] 
 {"metadata":{"emulator":{"name":"dataconnect"},"message":"I0620 20:16:03.452107   51173 control.go:73] [/emulator/studio e363] UpdateResources(): done\nSchema: sources: schema/schema.gql [2088B] \nConnector \"default\": sources: connector/mutations.gql [1233B] connector/queries.gql [1802B] \n"}}
[debug] [2025-06-20T18:16:03.493Z] I0620 20:16:03.492581   51173 codegen.go:82] [connector "default" javascriptSdk] Generating sources into "/Users/frisowempe/Desktop/isa_workspace/dataconnect-generated/js/default-connector"
 {"metadata":{"emulator":{"name":"dataconnect"},"message":"I0620 20:16:03.492581   51173 codegen.go:82] [connector \"default\" javascriptSdk] Generating sources into \"/Users/frisowempe/Desktop/isa_workspace/dataconnect-generated/js/default-connector\"\n"}}
[debug] [2025-06-20T18:16:03.538Z] I0620 20:16:03.537830   51173 collector.go:107] schema extensions wrote into "/Users/frisowempe/Desktop/isa_workspace/dataconnect/.dataconnect/schema"
Generated sources: prelude.gql [71531B] 
 {"metadata":{"emulator":{"name":"dataconnect"},"message":"I0620 20:16:03.537830   51173 collector.go:107] schema extensions wrote into \"/Users/frisowempe/Desktop/isa_workspace/dataconnect/.dataconnect/schema\"\nGenerated sources: prelude.gql [71531B] \n"}}
[debug] [2025-06-20T18:16:03.539Z] I0620 20:16:03.539570   51173 collector.go:107] connector "default" javascriptSdk wrote into "/Users/frisowempe/Desktop/isa_workspace/dataconnect-generated/js/default-connector"
Generated sources: react/package.json [468B] react/esm/package.json [17B] react/index.cjs.js [0B] react/esm/index.esm.js [0B] index.cjs.js [144B] react/index.d.ts [228B] esm/package.json [17B] package.json [860B] README.md [2774B] react/README.md [5357B] index.d.ts [246B] esm/index.esm.js [109B] 
 {"metadata":{"emulator":{"name":"dataconnect"},"message":"I0620 20:16:03.539570   51173 collector.go:107] connector \"default\" javascriptSdk wrote into \"/Users/frisowempe/Desktop/isa_workspace/dataconnect-generated/js/default-connector\"\nGenerated sources: react/package.json [468B] react/esm/package.json [17B] react/index.cjs.js [0B] react/esm/index.esm.js [0B] index.cjs.js [144B] react/index.d.ts [228B] esm/package.json [17B] package.json [860B] README.md [2774B] react/README.md [5357B] index.d.ts [246B] esm/index.esm.js [109B] \n"}}
[debug] [2025-06-20T18:16:03.543Z] <<< [apiv2][status] GET https://firebase.googleapis.com/v1beta1/projects 200
[debug] [2025-06-20T18:16:03.543Z] <<< [apiv2][body] GET https://firebase.googleapis.com/v1beta1/projects [omitted]
[debug] [2025-06-20T18:16:03.543Z] I0620 20:16:03.543317   51173 installsdk.go:49] Package @firebasegen/default-connector is already installed. Skipping installation
I0620 20:16:03.543466   51173 load.go:115] Finished reloading
 {"metadata":{"emulator":{"name":"dataconnect"},"message":"I0620 20:16:03.543317   51173 installsdk.go:49] Package @firebasegen/default-connector is already installed. Skipping installation\nI0620 20:16:03.543466   51173 load.go:115] Finished reloading\n"}}
[debug] [2025-06-20T18:16:03.553Z] I0620 20:16:03.553513   51173 dev.go:95] Listening on address (HTTP + gRPC): 127.0.0.1:50001
 {"metadata":{"emulator":{"name":"dataconnect"},"message":"I0620 20:16:03.553513   51173 dev.go:95] Listening on address (HTTP + gRPC): 127.0.0.1:50001\n"}}
[error] [Firebase Plugin] error:  {}
